2015-10-18 16:37:46,990 - [INFO] - from play in pool-4-thread-3 
Listening for HTTP on /0:0:0:0:0:0:0:0:9000

2015-10-18 16:38:06,406 - [INFO] - from play in play-internal-execution-context-1 
datasource [jdbc:h2:mem:play;DB_CLOSE_DELAY=-1] bound to JNDI as DefaultDS

2015-10-18 16:38:06,890 - [INFO] - from play in play-internal-execution-context-1 
database [default] connected at jdbc:h2:mem:play

2015-10-18 16:38:16,438 - [INFO] - from application in play-internal-execution-context-1 
inicializada...

2015-10-18 16:38:16,596 - [INFO] - from play in play-internal-execution-context-1 
Application started (Dev)

2015-10-18 16:41:01,878 - [INFO] - from application in play-internal-execution-context-1 
desligada...

2015-10-18 16:41:03,512 - [INFO] - from play in play-internal-execution-context-1 
datasource [jdbc:h2:mem:play;DB_CLOSE_DELAY=-1] bound to JNDI as DefaultDS

2015-10-18 16:41:03,514 - [INFO] - from play in play-internal-execution-context-1 
database [default] connected at jdbc:h2:mem:play

2015-10-18 16:41:04,123 - [INFO] - from application in play-internal-execution-context-1 
inicializada...

2015-10-18 16:41:04,123 - [INFO] - from play in play-internal-execution-context-1 
Application started (Dev)

2015-10-18 16:43:23,757 - [INFO] - from application in play-internal-execution-context-1 
desligada...

2015-10-18 16:43:24,080 - [INFO] - from play in play-internal-execution-context-1 
datasource [jdbc:h2:mem:play;DB_CLOSE_DELAY=-1] bound to JNDI as DefaultDS

2015-10-18 16:43:24,083 - [INFO] - from play in play-internal-execution-context-1 
database [default] connected at jdbc:h2:mem:play

2015-10-18 16:43:24,322 - [INFO] - from application in play-internal-execution-context-1 
inicializada...

2015-10-18 16:43:24,322 - [INFO] - from play in play-internal-execution-context-1 
Application started (Dev)

2015-10-18 16:44:36,323 - [INFO] - from application in play-internal-execution-context-9 
desligada...

2015-10-18 16:44:36,392 - [INFO] - from play in play-internal-execution-context-9 
datasource [jdbc:h2:mem:play;DB_CLOSE_DELAY=-1] bound to JNDI as DefaultDS

2015-10-18 16:44:36,395 - [INFO] - from play in play-internal-execution-context-9 
database [default] connected at jdbc:h2:mem:play

2015-10-18 16:44:36,464 - [INFO] - from application in play-internal-execution-context-9 
inicializada...

2015-10-18 16:44:36,464 - [INFO] - from play in play-internal-execution-context-9 
Application started (Dev)

2015-10-18 16:46:15,946 - [INFO] - from application in play-internal-execution-context-13 
desligada...

2015-10-18 16:46:16,010 - [INFO] - from play in play-internal-execution-context-13 
datasource [jdbc:h2:mem:play;DB_CLOSE_DELAY=-1] bound to JNDI as DefaultDS

2015-10-18 16:46:16,012 - [INFO] - from play in play-internal-execution-context-13 
database [default] connected at jdbc:h2:mem:play

2015-10-18 16:46:16,065 - [INFO] - from application in play-internal-execution-context-13 
inicializada...

2015-10-18 16:46:16,065 - [INFO] - from play in play-internal-execution-context-13 
Application started (Dev)

2015-10-18 16:47:05,789 - [INFO] - from application in play-internal-execution-context-13 
desligada...

2015-10-18 16:47:05,865 - [INFO] - from play in play-internal-execution-context-13 
datasource [jdbc:h2:mem:play;DB_CLOSE_DELAY=-1] bound to JNDI as DefaultDS

2015-10-18 16:47:05,867 - [INFO] - from play in play-internal-execution-context-13 
database [default] connected at jdbc:h2:mem:play

2015-10-18 16:47:05,920 - [INFO] - from application in play-internal-execution-context-13 
inicializada...

2015-10-18 16:47:05,920 - [INFO] - from play in play-internal-execution-context-13 
Application started (Dev)

2015-10-18 16:47:35,086 - [INFO] - from application in pool-4-thread-3 
desligada...

